SPECIES:
1) O2
2) O
3) O(1D)
4) O3
5) HO2
6) OH
7) H2O
8) H
9) H2
10) H2O2
11) NO
12) N
13) NO2
14) NO3
15) N2O
16) N2
17) N2O5
18) HNO2
19) HNO3
20) HO2NO2
21) CH3O2NO2
22) CH3O2
23) NH3
24) NH2
25) CL2
26) CL
27) CLO
28) CLOO
29) OCLO
30) CLO3
31) CL2O
32) CL2O2
33) CL2O3
34) CLNO
35) CLNO2
36) CLONO
37) CLNO3
38) HCL
39) HOCL
40) CH3CL
41) CH3
42) CH2FCL
43) CHFCL2
44) CFCL2
45) CHF2CL
46) CF2CL
47) CCL4
48) CCL3
49) CFCL3
50) CF2CL2
51) CH3CCL3
52) CH3CFCL2
53) CH3CF2CL
54) C2CL3F3
55) C2CL2F4
56) CF3CHCL2
57) CF3CHFCL
58) CF3CCL3
59) CF3CFCL2
60) CF3CF2CHCL2
61) CF2CLCF2CHFCL
62) CHCLO
63) HCO
64) COCL2
65) CO
66) COFCL
67) HF
68) F
69) CF4
70) CF3
71) C2F6
72) COF2
73) SF6
74) BR2
75) BR
76) BRO
77) BRNO2
78) BRNO3
79) HBR
80) HOBR
81) CH3BR
82) CHBR3
83) BRCL
84) CF2CLBR
85) CF2BR2
86) CF3BR
87) C2F4BR2
88) CH4
89) CO2
90) H2CO
91) CH3OOH
92) CH3O
93) HCN
94) CN
95) CH3CN
96) SO2
97) SO
98) H2S
99) SH
100) OCS
101) S
102) C2HO
103) O2(1D)
104) O2(1S)
105) HD
106) HONO
107) NH
108) C2H2
109) CH3CHO
110) CH3CO
111) C2H4
112) C3H6
113) CH3D
114) CH3OH
115) HC(O)OH
116) C2H6
117) C2H5
118) C3H8
119) C3H7
120) C2H5OH
121) CH3C(O)OH
122) CH3C(O)CH3
123) CH3C(O)CH2
124) CH3ONO2
125) CH3C(O)O2NO2(PAN)
126) C2H5ONO2
127) CH2O
128) C2H5O2
129) C2H5OOH
130) CH3C(O)O2
131) CH2OH
132) FO
133) FO2
134) CH3F
135) CH2F
136) CH2F2
137) CHF2
138) CHF3
139) CF3OH
140) CF3O
141) CH3CH2F
142) CH3CHF2
143) CH2FCH2F
144) CHFCH2F
145) CH3CF3
146) CH2CF3
147) CH2FCHF2
148) CH2FCF3
149) CHFCF3
150) CHF2CHF2
151) CF2CHF2
152) CHF2CF3
153) CF2CF3
154) FNO
155) CF2O
156) CF3O2
157) CLONO2
158) CH2CL
159) CH2CL2
160) CHCL2
161) CHCL3
162) CH2CLF
163) CHCLF
164) CH3OCL
165) CH2CCL3
166) C2HCL3
167) C2CL4
168) CCL3CHO
169) CCL3CO
170) CH2CFCL2
171) CH2CF2CL
172) CH2CLCF2CL
173) CHCLCF2CL
174) CHCL2CF2CL
175) CCL2CF2CL
176) CHFCLCFCL2
177) CFCLCFCL2
178) CH2CLCF3
179) CHCLCF3
180) CHCL2CF3
181) CCL2CF3
182) CHFCLCF2CL
183) CFCLCF2CL
184) CHFCLCF3
185) CFCLCF3
186) C2H5O
187) C2H4O2
188) CH3CO3NO2
189) CF3H
190) CHFCL
191) CH3CHF
192) CH2CH2F
193) CH3CF2
194) CH2CHF2
195) CH2FCF2
196) CHFCHF2
197) CH2BR
198) CH2BR2
199) CHBR2
200) CBR3
201) CHF2BR
202) CF2BR
203) CH2CLBR
204) CHCLBR
205) CH2BRCF3
206) CHBRCF3
207) CHFBRCF3
208) CFBRCF3
209) CHCLBRCF3
210) CCLBRCF3
211) CF2BRCHFCL
212) CF2BRCFCL
213) CF2BRCF2BR
214) CH2BRO2
215) I2
216) IO
217) I
218) HOI
219) HI
220) CH3I
221) CH2I
222) CF3I
223) INO
224) CS
225) CS2
226) CH3SCH3
227) CH3SO
228) CH3SSCH3
229) CH3S
230) SO3
231) CH3SH
232) CH2SCH3
233) CH3SCH2
234) HSO
235) CLSH
236) BRSH
237) F2
238) FSH
239) HSO2
240) HOSO2
241) CH2SH
242) CH3SO2
243) CH3SOO
244) CH3SCH2O2
245) CH3SCH2O
246) CH3SS
247) CH3SSO
248) NA
249) NAO
250) NAO2
251) NACL
252) NAOH
253) HOCHCH
254) HOCH2CH2
255) CH3ONO
256) C2H5ONO
257) CH3C(O)O2NO2
258) FNO2
259) FONO2
260) CLCO
261) CLC2H2
262) CLC2H4
263) C2CL5
264) CH2CLO2
265) CHCL2O2
266) CCL3O2
267) CFCL2O2
268) CF2CLO2
269) BRONO2
270) INO2
271) IONO2
272) NAO3
273) NACO3
274) NAHCO3

REACTIONS:
O2 = 2 O
O2 = O + O(1D)
O3 = O2 + O
O3 =  O2 + O(1D)
HO2 = OH + O
H2O = H + OH
H2O = H2 + O(1D)
H2O = 2 H + O
H2O2 = 2 OH
NO = N + O
NO2 = NO + O
NO3 = NO2 + O
NO3 = NO + O2
N2O = N2 + O(1D)
N2O5 = NO2 + NO3
N2O5 = NO + NO3 + O
HNO2 = OH + NO
HNO3 = NO2 + OH
HO2NO2 = HO2 + NO2
HO2NO2 = OH + NO3
CH3O2NO2 = CH3O2 + NO2
NH3 = NH2 + H
CL2 = 2 CL
CLO = CL + O
CLOO = CLO + O
OCLO = CLO + O
CLO3 = CLO + O2
CL2O = CL + CLO
CL2O2 = CL + CLOO
CL2O3 = CLO + CLOO
CLNO = CL + NO
CLNO2 = CL + NO2
CLONO = CL + NO2
CLNO3 = CL + NO3
CLNO3 = CLO + NO2
CLNO3 = O + CLONO
HCL = H + CL
HOCL = OH + CL
CH3CL = CL + CH3
CH2FCL = PROD
CHFCL2 = CFCL2 + H
CHF2CL = CF2CL + H
CCL4 = CCL3 + CL
CFCL3  = CFCL2 + CL
CF2CL2 = CF2CL + CL
CH3CCL3 = PROD
CH3CFCL2 = PROD
CH3CF2CL = PROD
C2CL3F3 = PROD
C2CL2F4 = PROD
CF3CHCL2 = PROD
CF3CHFCL = PROD
CF3CCL3 = PROD
CF3CFCL2 = PROD
CF3CF2CHCL2 = PROD
CF2CLCF2CHFCL = PROD
CHCLO = HCO + CL
COCL2 = 2 CL + CO
COFCL = PROD
HF = H + F
CF4 = CF3 + F
C2F6 = 2 CF3
COF2 = PROD
SF6 = PROD
BR2 = 2 BR
BRO = BR + O
BRNO2 = BR + NO2
BRNO3 = BR + NO3
HBR = H + BR
HOBR = OH + BR
CH3BR = CH3 + BR
CHBR3 = PROD
BRCL = BR + CL
CF2CLBR = CF2CL + BR
CF2BR2 = PROD
CF3BR = CF3 + BR
C2F4BR2 = PROD
CH4 = PROD
CO2 = CO + O
H2CO = HCO + H
H2CO = H2 + CO
CH3OOH = CH3O + OH
HCN = H + CN
CH3CN = CH3 + CN
SO2 = SO + O
H2S = H + SH
OCS = CO + S
O + O3 = O2 + O2
O(1D) + O2 = O + O2
O(1D) + O3 = O2 + O2
O(1D) + O3 = O2 + 2 O
O(1D) + H2 = OH + H
O(1D) + H2O = 2 OH
O(1D) + N2 = O + N2
O(1D) + N2O = N2 + O2
O(1D) + N2O = 2 NO
O(1D) + NH3 = OH + NH2
O(1D) + CO2 = O + CO2
O(1D) + CH4 = OH + CH3
O(1D) + CH4 = H2 + C2HO
O(1D) + HCL = PROD
O(1D) + HF = OH + F
O(1D) + HBR = PROD
O(1D) + SF6 = PROD
O2(1D) + O = PROD
O2(1D) + O2 = PROD
O2(1D) + O3 = O + 2 O2
O2(1D) + H2O = PROD
O2(1D) + N2 = PROD
O2(1D) + CO2 = PROD
O2(1S) + O = PROD
O2(1S) + O2 = PROD
O2(1S) + O3 = PROD
O2(1S) + H2O = PROD
O2(1S) + N = PROD
O2(1S) + N2 = PROD
O2(1S) + CO2 = PROD
O + OH = O2 + H
O + HO2 = OH + O2
O + H2O2 = OH + HO2
H + O3 = OH + O2
H + HO2 = PROD
OH + O3 = HO2 + O2
OH + H2 = H2O + H
OH + HD = PROD
OH + OH = H2O + O
OH + HO2 = H2O + O2
OH + H2O2 = H2O + HO2
HO2 + O3 = OH + 2 O2
HO2 + HO2 = H2O2 + O2
O + NO2 = NO + O2
O + NO3 = O2 + NO2
O + N2O5 = PROD
O + HNO3 = OH + NO3
O + HO2NO2 = PROD
H + NO2 = OH + NO
OH + NO3 = PROD
OH + HONO = H2O + NO2
OH + HNO3 = H2O + NO3
OH + HO2NO2 = PROD
OH + NH3 = H2O + NH2
HO2 + NO = NO2 + OH
HO2 + NO3 = HNO3 + O2
N + O2 = NO + O
N + O3 = NO + O2
N + NO = N2 + O
N + NO2 = N2O + O
NO + O3 = NO2 + O2
NO + NO3 = 2 NO2
NO2 + O3 = NO3 + O2
NO3 + NO3 = 2 NO2 + O2
NH2 + O2 = PROD
NH2 + O3 = PROD
NH2 + NO = PROD
NH2 + NO2 = PROD
NH + NO = PROD
NH + NO2 = PROD
O3 + HNO2 = O2 + HNO3
N2O5 + H2O = 2 HNO3
O + CH3 = PROD
O + HCN = PROD
O + C2H2 = PROD
O + H2CO = PROD
O + CH3CHO = CH3CO + OH
O3 + C2H2 = PROD
O3 + C2H4 = PROD
O3 + C3H6 = PROD
OH + CO = PROD
OH + CH4 = CH3 + H2O
OH + CH3D = PROD
OH + H2CO = H2O + HCO
OH + CH3OH = PROD
OH + CH3OOH = PROD
OH + HC(O)OH = PROD
OH + HCN = PROD
OH + C2H6 = H2O + C2H5
OH + C3H8 = H2O + C3H7
OH + CH3CHO = CH3CO + H2O
OH + C2H5OH = PROD
OH + CH3C(O)OH = PROD
OH + CH3C(O)CH3 = CH3C(O)CH2 + H2O
OH + CH3CN = PROD
OH + CH3ONO2 = PROD
OH + CH3C(O)O2NO2(PAN) = PROD
OH + C2H5ONO2 = PROD
HO2 + CH2O = ADDUCT
HO2 + CH3O2 = CH3OOH + O2
HO2 + C2H5O2 = C2H5OOH + O2
HO2 + CH3C(O)O2 = PROD
NO3 + CO = PROD
NO3 + CH2O = PROD
NO3 + CH3CHO = PROD
CH3 + O2 = PROD
CH3 + O3 = PROD
HCO + O2 = CO + HO2
CH2OH + O2 = CH2O + HO2
CH3O + O2 = CH2O + HO2
CH3O + NO2 = CH2O + HONO
CH3O2 + O3 = PROD
CH3O2 + CH3O2 = PROD
CH3O2 + NO = CH3O + NO2
CH3O2 + CH3C(O)O2 = PROD
C2H5 + O2 = C2H4 + HO2
C2H5O2 + O2 = CH3CHO + HO2
C2H5O2 + C2H5O2 = PROD
C2H5O2 + NO = PROD
CH3C(O)O2 + CH3C(O)O2 = PROD
CH3C(O)O2 + NO = PROD
O + FO = F + O2
O + FO2 = FO + O2
OH + CH3F = CH2F + H2O
OH + CH2F2 = CHF2 + H2O
OH + CHF3 = CF3 + H2O
OH + CF3OH = CF3O + H2O
OH + CH3CH2F = PROD
OH + CH3CHF2 = PROD
OH + CH2FCH2F = CHFCH2F + H2O
OH + CH3CF3 = CH2CF3 + H2O
OH + CH2FCHF2 = PROD
OH + CH2FCF3 = CHFCF3 + H2O
OH + CHF2CHF2 = CF2CHF2 + H2O
OH + CHF2CF3 = CF2CF3 + H2O
F + O3 = FO + O2
F + H2 = HF + H
F + H2O = HF + OH
F + HNO3 = HF + NO3
F + CH4 = HF + CH3
FO + O3 = PROD
FO + NO = NO2 + F
FO + FO = 2 F + O2
FO2 + O3 = PROD
FO2 + NO = FNO + O2
FO2 + NO2 = PROD
FO2 + CO = PROD
FO2 + CH4 = PROD
CF3O + O2 = FO2 + CF2O
CF3O + O3 = CF3O2 + O2
CF3O + H2O = OH + CF3OH
CF3O + NO = CF2O + FNO
CF3O + CO = PROD
CF3O + CH4 = CH3 + CF3OH
CF3O + C2H6 = C2H5 + CF3OH
CF3O2 + O3 = CF3O + 2 O2
CF3O2 + CO = CF3O + CO2
CF3O2 + NO = CF3O + NO2
O + CLO = CL + O2
O + OCLO = CLO + O2
O + CL2O = CLO + CLO
O + HCL = OH + CL
O + HOCL = OH + CLO
O + CLONO2 = PROD
O3 + OCLO = PROD
O3 + CL2O2 = PROD
OH + CL2 = HOCL + CL
OH + CLO = PROD
OH + OCLO = HOCL + O2
OH + HCL = H2O + CL
OH + HOCL = H2O + CLO
OH + CLNO2 = HOCL + NO2
OH + CLONO2 = PROD
OH + CH3CL = CH2CL + H2O
OH + CH2CL2 = CHCL2 + H2O
OH + CHCL3 = CCL3 + H2O
OH + CCL4 = PROD
OH + CFCL3 = PROD
OH + CF2CL2 = PROD
OH + CH2CLF = CHCLF + H2O
OH + CHFCL2 = CFCL2 + H2O
OH + CHF2CL = CF2CL + H2O
OH + CH3OCL = PROD
OH + CH3CCL3 = CH2CCL3 + H2O
OH + C2HCL3 = PROD
OH + C2CL4 = PROD
OH + CCL3CHO = H2O + CCL3CO
OH + CH3CFCL2 = CH2CFCL2 + H2O
OH + CH3CF2CL = CH2CF2CL + H2O
OH + CH2CLCF2CL = CHCLCF2CL + H2O
OH + CHCL2CF2CL = CCL2CF2CL + H2O
OH + CHFCLCFCL2 = CFCLCFCL2 + H2O
OH + CH2CLCF3 = CHCLCF3 + H2O
OH + CHCL2CF3 = CCL2CF3 + H2O
OH + CHFCLCF2CL = CFCLCF2CL + H2O
OH + CHFCLCF3 = CFCLCF3 + H2O
HO2 + CL = HCL + O2
HO2 + CL = OH + CLO
H2O + CLONO2 = PROD
NO + OCLO = NO2 + CLO
NO + CL2O2 = PROD
NO3 + HCL = HNO3 + CL
HO2NO2 + HCL = PROD
CL + O3 = CLO + O2
CL + H2 = HCL + H
CL + H2O2 = HCL + HO2
CL + NO3 = CLO + NO2
CL + HNO3 = PROD
CL + CH4 = HCL + CH3
CL + CH3D = PROD
CL + H2CO = HCL + HCO
CL + CH3O2 = PROD
CL + CH3OH = CH2OH + HCL
CL + C2H6 = HCL + C2H5
CL + C2H5O2 = CLO + C2H5O
CL + C2H5O2 = HCL + C2H4O2
CL + CH3CN = PROD
CL + CH3CO3NO2 = PROD
CL + C3H8 = HCL + C3H7
CL + OCLO = 2 CLO
CL + CLOO = CL2 + O2
CL + CLOO = 2 CLO
CL + CL2O = CL2 + CLO
CL + CL2O2 = PROD
CL + HOCL = PROD
CL + CLNO = NO + CL2
CL + CLONO2 = PROD
CL + CH3CL = CH2CL + HCL
CL + CH2CL2 = HCL + CHCL2
CL + CHCL3 = HCL + CCL3
CL + CH3F = HCL + CH2F
CL + CH2F2 = HCL + CHF2
CL + CF3H = HCL + CF3
CL + CH2FCL = HCL + CHFCL
CL + CHFCL2 = HCL + CFCL2
CL + CHF2CL = HCL + CF2CL
CL + CH3CCL3 = CH2CCL3 + HCL
CL + CH3CH2F = HCL + CH3CHF
CL + CH3CH2F = HCL + CH2CH2F
CL + CH3CHF2 = HCL + CH3CF2
CL + CH3CHF2 = HCL + CH2CHF2
CL + CH2FCH2F = HCL + CHFCH2F
CL + CH3CFCL2 = HCL + CH2CFCL2
CL + CH3CF2CL = HCL + CH2CF2CL
CL + CH3CF3 = HCL + CH2CF3
CL + CH2FCHF2 = HCL + CH2FCF2
CL + CH2FCHF2 = HCL + CHFCHF2
CL + CH2CLCF3 = HCL + CHCLCF3
CL + CH2FCF3 = HCL + CHFCF3
CL + CHF2CHF2 = HCL + CF2CHF2
CL + CHCL2CF3 = HCL + CCL2CF3
CL + CHFCLCF3 = HCL + CFCLCF3
CL + CHF2CF3 = HCL + CF2CF3
CLO + O3 = CLOO + O2
CLO + O3 = OCLO + O2
CLO + H2 = PROD
CLO + NO = NO2 + CL
CLO + NO3 = CLOO + NO2
CLO + N2O = PROD
CLO + CO = PROD
CLO + CH4 = PROD
CLO + H2CO = PROD
CLO + CH3O2 = PROD
CLO + CLO = CL2 + O2
CLO + CLO = CLOO + CL
CLO + CLO = OCLO + CL
HCL + CLONO2 = PROD
O + BRO = BR + O2
O + HBR = OH + BR
O + HOBR = OH + BRO
OH + BR2 = HOBR + BR
OH + BRO = PROD
OH + HBR = H2O + BR
OH + CH3BR = CH2BR + H2O
OH + CH2BR2 = CHBR2 + H2O
OH + CHBR3 = CBR3 + H2O
OH + CHF2BR = CF2BR + H2O
OH + CH2CLBR = CHCLBR + H2O
OH + CF2CLBR = PROD
OH + CF2BR2 = PROD
OH + CF3BR = PROD
OH + CH2BRCF3 = CHBRCF3 + H2O
OH + CHFBRCF3 = CFBRCF3
OH + CHCLBRCF3 = CCLBRCF3 + H2O
OH + CF2BRCHFCL = CF2BRCFCL + H2O
OH + CF2BRCF2BR = PROD
HO2 + BR = HBR + O2
HO2 + BRO = PROD
NO3 + HBR = HNO3 + BR
CL + CH2CLBR = HCL + CHCLBR
CL + CH3BR = HCL + CH2BR
CL + CH2BR2 = HCL + CHBR2
BR + O3 = BRO + O2
BR + H2O2 = HBR + HO2
BR + NO3 = BRO + NO2
BR + H2CO = HBR + HCO
BR + OCLO = BRO + CLO
BR + CL2O = BRCL + CLO
BR + CL2O2 = PROD
BRO + O3 = PROD
BRO + NO = NO2 + BR
BRO + NO3 = PROD
BRO + CLO = BR + OCLO
BRO + CLO = BR + CLOO
BRO + CLO = BRCL + O2
BRO + BRO = PROD
CH2BRO2 + NO = CH2O + NO2 + BR
O + I2  = IO + I
O + IO = O2 + I
OH + I2 = HOI + I
OH + HI = H2O + I
OH + CH3I = H2O + CH2I
OH + CF3I = HOI + CF3
HO2 + I = HI + O2
HO2 + IO = HOI + O2
I + O3 = IO + O2
I + BRO = IO + BR
IO + NO = I + NO2
IO + CLO = PROD
IO + BRO = PROD
IO + IO = PROD
INO + INO = I2 + 2 NO
O + SH = SO + H
O + CS = CO + S
O + H2S = OH + SH
O + OCS = CO + SO
O + CS2 = CS + SO
O + CH3SCH3 = CH3SO + CH3
O + CH3SSCH3 = CH3SO + CH3S
O3 + H2S = PROD
O3 + CH3SCH3 = PROD
O3 + SO2 = SO3 + O2
OH + H2S = SH + H2O
OH + OCS = PROD
OH + CH3SH = CH3S + H2O
OH + CH3SCH3 = H2O + CH3SCH2
OH + CH3SSCH3 = PROD
OH + S = H + SO
OH + SO = H + SO2
HO2 + H2S = PROD
HO2 + CH3SH = PROD
HO2 + CH3SCH3 = PROD
HO2 + SO2 = PROD
NO2 + SO2 = PROD
NO3 + H2S = PROD
NO3 + OCS = PROD
NO3 + CS2 = PROD
NO3 + CH3SH = PROD
NO3 + CH3SCH3 = CH3SCH2 + HNO3
NO3 + CH3SSCH3 = PROD
NO3 + SO2 = PROD
N2O5 + CH3SCH3 = PROD
CH3O2 + SO2 = PROD
CL + H2S = HCL + SH
CL + OCS = PROD
CL + CS2 = PROD
CL + CH3SH = CH3S + HCL
CLO + OCS = PROD
CLO + CH3SCH3 = PROD
CLO + SO = CL + SO2
CLO + SO2 = CL + SO3
BR + H2S = HBR + SH
BR + CH3SH = CH3S + HBR
BRO + CH3SCH3 = PROD
BRO + SO = BR + SO2
IO + CH3SH = PROD
IO + CH3SCH3 = PROD
S + O2 = SO + O
S + O3 = SO + O2
SO + O2 = SO2 + O
SO + O3 = SO2 + O2
SO + NO2 = SO2 + NO
SO + OCLO = SO2 + CLO
SO3 + NO2 = PROD
SH + O2 = OH + SO
SH + O3 = HSO + O2
SH + H2O2 = PROD
SH + NO2 = HSO + NO
SH + CL2 = CLSH + CL
SH + BRCL = PROD
SH + BR2 = BRSH + BR
SH + F2 = FSH + F
HSO + O2 = PROD
HSO + O3 = PROD
HSO + NO = PROD
HSO + NO2 = HSO2 + NO
HSO2 + O2 = HO2 + SO2
HOSO2 + O2 = HO2 + SO3
CS + O2 = OCS + O
CS + O3 = OCS + O2
CS + NO2 = OCS + NO
CH3S + O2 = PROD
CH3S + O3 = PROD
CH3S + NO = PROD
CH3S + NO2 = CH3SO + NO
CH2SH + O2 = PROD
CH2SH + O3 = PROD
CH2SH + NO = PROD
CH2SH + NO2 = PROD
CH3SO + O3 = PROD
CH3SO + NO2 = CH3SO2 + NO
CH3SOO + O3 = PROD
CH3SOO + NO = PROD
CH3SO2 + NO2 = PROD
CH3SCH2 + NO3 = PROD
CH3SCH2O2 + NO = CH3SCH2O + NO2
CH3SS + O3 = PROD
CH3SS + NO2 = PROD
CH3SSO + NO2 = PROD
NA + O3 = NAO + O2
NA + O3 = NAO2 + O
NA + N2O = NAO + N2
NA + CL2 = NACL + CL
NAO + O = NA + O2
NAO + O3 = NAO2 + O2
NAO + O3 = NA + 2 O2
NAO + H2 = NAOH + H
NAO + H2O = NAOH + OH
NAO + NO = NA + NO2
NAO + HCL = PROD
NAO2 + O = NAO + O2
NAO2 + NO = NAO + NO2
NAO2 + HCL = PROD
NAOH + HCL = NACL + H2O
O + O2 = O3
H + O2 = HO2
OH + OH = H2O2
O + NO = NO2
O + NO2 = NO3
OH + NO = HONO
OH + NO2 = HNO3
HO2 + NO2 = HO2NO2
NO2 + NO3 = N2O5
CH3 + O2 = CH3O2
C2H5 + O2 = C2H5O2
OH + C2H2 = HOCHCH
OH + C2H4 = HOCH2CH2
CH3O + NO = CH3ONO
CH3O + NO2 = CH3ONO2
C2H5O + NO = C2H5ONO
C2H5O + NO2 = C2H5ONO2
CH3O2 + NO2 = CH3O2NO2
CH3C(O)O2 + NO2 = CH3C(O)O2NO2
F + O2 = FO2
F + NO = FNO
F + NO2 = FNO2
FO + NO2 = FONO2
CL + O2 = CLOO
CL + NO = CLNO
CL + NO2 = CLONO
CL + NO2 = CLNO2
CL + CO = CLCO
CL + C2H2 = CLC2H2
CL + C2H4 = CLC2H4
CL + C2CL4 = C2CL5
CLO + NO2 = CLONO2
CLO + CLO = CL2O2
CLO + OCLO = CL2O3
OCLO + O = CLO3
CH2CL + O2 = CH2CLO2
CHCL2 + O2 = CHCL2O2
CCL3 + O2 = CCL3O2
CFCL2 + O2 = CFCL2O2
CF2CL + O2 = CF2CLO2
BR + NO2 = BRNO2
BRO + NO2 = BRONO2
I + NO = INO
I + NO2 = INO2
IO + NO2 = IONO2
O + SO2 = SO3
OH + SO2 = HOSO2
NA + O2 = NAO2
NAO + O2 = NAO3
NAO + CO2 = NACO3
NAOH + CO2 = NAHCO3
